<?xml version="1.0" encoding="UTF-8"?>
<!-- Generated by org.testng.reporters.JUnitXMLReporter -->
<testsuite ignored="0" hostname="SANDHU" failures="1" tests="10" name="Surefire test" time="0.079" errors="0" timestamp="2023-12-30T13:02:08 CST">
  <testcase classname="selenium.Testing1" name="test1" time="0.001"/>
  <testcase classname="selenium.Testing1" name="test2" time="0.0"/>
  <testcase classname="selenium.Testing1" name="xyz" time="0.0"/>
  <testcase classname="selenium.Testing1" name="xyz" time="0.0"/>
  <testcase classname="selenium.Testing1" name="xyz" time="0.0"/>
  <testcase classname="selenium.Testing2" name="test3" time="0.0"/>
  <testcase classname="selenium.Testing2" name="test4" time="0.001"/>
  <testcase classname="selenium.Testing3" name="createUser" time="0.003"/>
  <testcase classname="selenium.Testing3" name="edituser" time="0.002">
    <failure type="java.lang.AssertionError" message="The following asserts failed:
	verifying Element expected [true] but found [false]">
      <![CDATA[java.lang.AssertionError: The following asserts failed:
verifying Element expected [true] but found [false]
at selenium.Testing3.edituser(Testing3.java:26)
at java.base/java.util.ArrayList.forEach(ArrayList.java:1511)
... Removed 33 stack frames]]>
    </failure>
  </testcase> <!-- edituser -->
  <testcase classname="selenium.Testing3" name="deleteuser" time="0.0">
    <skipped/>
  </testcase> <!-- deleteuser -->
</testsuite> <!-- Surefire test -->
