-------------------------------------------------------------------------------
Test set: TestSuite
-------------------------------------------------------------------------------
Tests run: 10, Failures: 1, Errors: 0, Skipped: 1, Time elapsed: 1.014 sec <<< FAILURE! - in TestSuite
edituser(selenium.Testing3)  Time elapsed: 0.01 sec  <<< FAILURE!
java.lang.AssertionError: 
The following asserts failed:
	verifying Element expected [true] but found [false]
	at selenium.Testing3.edituser(Testing3.java:26)

