<?xml version="1.0" encoding="UTF-8"?>
<testng-results ignored="0" total="10" passed="8" failed="1" skipped="1">
  <reporter-output>
  </reporter-output>
  <suite started-at="2023-12-30T12:54:10 CST" name="Suite" finished-at="2023-12-30T12:54:10 CST" duration-ms="199">
    <groups>
      <group name="important">
        <method signature="Testing2.test4()[pri:0, instance:selenium.Testing2@543588e6]" name="test4" class="selenium.Testing2"/>
      </group> <!-- important -->
      <group name="smoke">
        <method signature="Testing3.createUser()[pri:1, instance:selenium.Testing3@4f2b503c]" name="createUser" class="selenium.Testing3"/>
        <method signature="Testing1.test1()[pri:0, instance:selenium.Testing1@6cd28fa7]" name="test1" class="selenium.Testing1"/>
        <method signature="Testing2.test3()[pri:0, instance:selenium.Testing2@543588e6]" name="test3" class="selenium.Testing2"/>
      </group> <!-- smoke -->
      <group name="sanity">
        <method signature="Testing1.test2()[pri:0, instance:selenium.Testing1@6cd28fa7]" name="test2" class="selenium.Testing1"/>
      </group> <!-- sanity -->
    </groups>
    <test started-at="2023-12-30T12:54:10 CST" name="Test" finished-at="2023-12-30T12:54:10 CST" duration-ms="199">
      <class name="selenium.Testing2">
        <test-method signature="test3()[pri:0, instance:selenium.Testing2@543588e6]" started-at="2023-12-30T12:54:10 CST" name="test3" finished-at="2023-12-30T12:54:10 CST" duration-ms="3" status="PASS">
          <reporter-output>
          </reporter-output>
        </test-method> <!-- test3 -->
        <test-method signature="test4()[pri:0, instance:selenium.Testing2@543588e6]" started-at="2023-12-30T12:54:10 CST" name="test4" finished-at="2023-12-30T12:54:10 CST" duration-ms="7" status="PASS">
          <reporter-output>
          </reporter-output>
        </test-method> <!-- test4 -->
      </class> <!-- selenium.Testing2 -->
      <class name="selenium.Testing3">
        <test-method signature="createUser()[pri:1, instance:selenium.Testing3@4f2b503c]" started-at="2023-12-30T12:54:10 CST" name="createUser" finished-at="2023-12-30T12:54:10 CST" duration-ms="6" status="PASS">
          <reporter-output>
          </reporter-output>
        </test-method> <!-- createUser -->
        <test-method signature="edituser()[pri:2, instance:selenium.Testing3@4f2b503c]" started-at="2023-12-30T12:54:10 CST" name="edituser" finished-at="2023-12-30T12:54:10 CST" depends-on-methods="selenium.Testing3.createUser" duration-ms="5" status="FAIL">
          <exception class="java.lang.AssertionError">
            <message>
              <![CDATA[The following asserts failed:
verifying Element expected [true] but found [false]]]>
            </message>
            <full-stacktrace>
              <![CDATA[java.lang.AssertionError: The following asserts failed:
verifying Element expected [true] but found [false]
at org.testng.asserts.SoftAssert.assertAll(SoftAssert.java:47)
at org.testng.asserts.SoftAssert.assertAll(SoftAssert.java:31)
at selenium.Testing3.edituser(Testing3.java:26)
at java.base/jdk.internal.reflect.NativeMethodAccessorImpl.invoke0(Native Method)
at java.base/jdk.internal.reflect.NativeMethodAccessorImpl.invoke(NativeMethodAccessorImpl.java:77)
at java.base/jdk.internal.reflect.DelegatingMethodAccessorImpl.invoke(DelegatingMethodAccessorImpl.java:43)
at java.base/java.lang.reflect.Method.invoke(Method.java:568)
at org.testng.internal.MethodInvocationHelper.invokeMethod(MethodInvocationHelper.java:133)
at org.testng.internal.TestInvoker.invokeMethod(TestInvoker.java:598)
at org.testng.internal.TestInvoker.invokeTestMethod(TestInvoker.java:173)
at org.testng.internal.MethodRunner.runInSequence(MethodRunner.java:46)
at org.testng.internal.TestInvoker$MethodInvocationAgent.invoke(TestInvoker.java:824)
at org.testng.internal.TestInvoker.invokeTestMethods(TestInvoker.java:146)
at org.testng.internal.TestMethodWorker.invokeTestMethods(TestMethodWorker.java:146)
at org.testng.internal.TestMethodWorker.run(TestMethodWorker.java:128)
at java.base/java.util.ArrayList.forEach(ArrayList.java:1511)
at org.testng.TestRunner.privateRun(TestRunner.java:794)
at org.testng.TestRunner.run(TestRunner.java:596)
at org.testng.SuiteRunner.runTest(SuiteRunner.java:377)
at org.testng.SuiteRunner.runSequentially(SuiteRunner.java:371)
at org.testng.SuiteRunner.privateRun(SuiteRunner.java:332)
at org.testng.SuiteRunner.run(SuiteRunner.java:276)
at org.testng.SuiteRunnerWorker.runSuite(SuiteRunnerWorker.java:53)
at org.testng.SuiteRunnerWorker.run(SuiteRunnerWorker.java:96)
at org.testng.TestNG.runSuitesSequentially(TestNG.java:1212)
at org.testng.TestNG.runSuitesLocally(TestNG.java:1134)
at org.testng.TestNG.runSuites(TestNG.java:1063)
at org.testng.TestNG.run(TestNG.java:1031)
at org.testng.remote.AbstractRemoteTestNG.run(AbstractRemoteTestNG.java:115)
at org.testng.remote.RemoteTestNG.initAndRun(RemoteTestNG.java:251)
at org.testng.remote.RemoteTestNG.main(RemoteTestNG.java:77)
]]>
            </full-stacktrace>
          </exception> <!-- java.lang.AssertionError -->
          <reporter-output>
          </reporter-output>
        </test-method> <!-- edituser -->
        <test-method signature="deleteuser()[pri:3, instance:selenium.Testing3@4f2b503c]" started-at="2023-12-30T12:54:10 CST" name="deleteuser" finished-at="2023-12-30T12:54:10 CST" depends-on-methods="selenium.Testing3.edituser" duration-ms="0" status="SKIP">
          <exception class="java.lang.Throwable">
            <message>
              <![CDATA[Method Testing3.deleteuser()[pri:3, instance:selenium.Testing3@4f2b503c] depends on not successfully finished methods]]>
            </message>
            <full-stacktrace>
              <![CDATA[java.lang.Throwable: Method Testing3.deleteuser()[pri:3, instance:selenium.Testing3@4f2b503c] depends on not successfully finished methods
at org.testng.internal.TestInvoker.invokeTestMethods(TestInvoker.java:102)
at org.testng.internal.TestMethodWorker.invokeTestMethods(TestMethodWorker.java:146)
at org.testng.internal.TestMethodWorker.run(TestMethodWorker.java:128)
at java.base/java.util.ArrayList.forEach(ArrayList.java:1511)
at org.testng.TestRunner.privateRun(TestRunner.java:794)
at org.testng.TestRunner.run(TestRunner.java:596)
at org.testng.SuiteRunner.runTest(SuiteRunner.java:377)
at org.testng.SuiteRunner.runSequentially(SuiteRunner.java:371)
at org.testng.SuiteRunner.privateRun(SuiteRunner.java:332)
at org.testng.SuiteRunner.run(SuiteRunner.java:276)
at org.testng.SuiteRunnerWorker.runSuite(SuiteRunnerWorker.java:53)
at org.testng.SuiteRunnerWorker.run(SuiteRunnerWorker.java:96)
at org.testng.TestNG.runSuitesSequentially(TestNG.java:1212)
at org.testng.TestNG.runSuitesLocally(TestNG.java:1134)
at org.testng.TestNG.runSuites(TestNG.java:1063)
at org.testng.TestNG.run(TestNG.java:1031)
at org.testng.remote.AbstractRemoteTestNG.run(AbstractRemoteTestNG.java:115)
at org.testng.remote.RemoteTestNG.initAndRun(RemoteTestNG.java:251)
at org.testng.remote.RemoteTestNG.main(RemoteTestNG.java:77)
]]>
            </full-stacktrace>
          </exception> <!-- java.lang.Throwable -->
          <reporter-output>
          </reporter-output>
        </test-method> <!-- deleteuser -->
      </class> <!-- selenium.Testing3 -->
      <class name="selenium.Testing1">
        <test-method is-config="true" signature="beforeSuite()[pri:0, instance:selenium.Testing1@6cd28fa7]" started-at="2023-12-30T12:54:10 CST" name="beforeSuite" finished-at="2023-12-30T12:54:10 CST" duration-ms="17" status="PASS">
          <reporter-output>
          </reporter-output>
        </test-method> <!-- beforeSuite -->
        <test-method is-config="true" signature="beforeTest()[pri:0, instance:selenium.Testing1@6cd28fa7]" started-at="2023-12-30T12:54:10 CST" name="beforeTest" finished-at="2023-12-30T12:54:10 CST" duration-ms="0" status="PASS">
          <reporter-output>
          </reporter-output>
        </test-method> <!-- beforeTest -->
        <test-method is-config="true" signature="beforeClass()[pri:0, instance:selenium.Testing1@6cd28fa7]" started-at="2023-12-30T12:54:10 CST" name="beforeClass" finished-at="2023-12-30T12:54:10 CST" duration-ms="0" status="PASS">
          <reporter-output>
          </reporter-output>
        </test-method> <!-- beforeClass -->
        <test-method is-config="true" signature="beforeMethod()[pri:0, instance:selenium.Testing1@6cd28fa7]" started-at="2023-12-30T12:54:10 CST" name="beforeMethod" finished-at="2023-12-30T12:54:10 CST" duration-ms="1" status="PASS">
          <reporter-output>
          </reporter-output>
        </test-method> <!-- beforeMethod -->
        <test-method signature="test1()[pri:0, instance:selenium.Testing1@6cd28fa7]" started-at="2023-12-30T12:54:10 CST" name="test1" finished-at="2023-12-30T12:54:10 CST" duration-ms="11" status="PASS">
          <reporter-output>
          </reporter-output>
        </test-method> <!-- test1 -->
        <test-method is-config="true" signature="afterMethod()[pri:0, instance:selenium.Testing1@6cd28fa7]" started-at="2023-12-30T12:54:10 CST" name="afterMethod" finished-at="2023-12-30T12:54:10 CST" duration-ms="1" status="PASS">
          <reporter-output>
          </reporter-output>
        </test-method> <!-- afterMethod -->
        <test-method is-config="true" signature="beforeMethod()[pri:0, instance:selenium.Testing1@6cd28fa7]" started-at="2023-12-30T12:54:10 CST" name="beforeMethod" finished-at="2023-12-30T12:54:10 CST" duration-ms="1" status="PASS">
          <reporter-output>
          </reporter-output>
        </test-method> <!-- beforeMethod -->
        <test-method signature="test2()[pri:0, instance:selenium.Testing1@6cd28fa7]" started-at="2023-12-30T12:54:10 CST" name="test2" finished-at="2023-12-30T12:54:10 CST" duration-ms="2" status="PASS">
          <reporter-output>
          </reporter-output>
        </test-method> <!-- test2 -->
        <test-method is-config="true" signature="afterMethod()[pri:0, instance:selenium.Testing1@6cd28fa7]" started-at="2023-12-30T12:54:10 CST" name="afterMethod" finished-at="2023-12-30T12:54:10 CST" duration-ms="2" status="PASS">
          <reporter-output>
          </reporter-output>
        </test-method> <!-- afterMethod -->
        <test-method signature="xyz(java.lang.Integer,java.lang.String)[pri:0, instance:selenium.Testing1@6cd28fa7]" started-at="2023-12-30T12:54:10 CST" name="xyz" data-provider="dp" finished-at="2023-12-30T12:54:10 CST" duration-ms="3" status="PASS">
          <params>
            <param index="0">
              <value>
                <![CDATA[1]]>
              </value>
            </param>
            <param index="1">
              <value>
                <![CDATA[a]]>
              </value>
            </param>
          </params>
          <reporter-output>
          </reporter-output>
        </test-method> <!-- xyz -->
        <test-method is-config="true" signature="beforeMethod()[pri:0, instance:selenium.Testing1@6cd28fa7]" started-at="2023-12-30T12:54:10 CST" name="beforeMethod" finished-at="2023-12-30T12:54:10 CST" duration-ms="0" status="PASS">
          <reporter-output>
          </reporter-output>
        </test-method> <!-- beforeMethod -->
        <test-method is-config="true" signature="afterMethod()[pri:0, instance:selenium.Testing1@6cd28fa7]" started-at="2023-12-30T12:54:10 CST" name="afterMethod" finished-at="2023-12-30T12:54:10 CST" duration-ms="1" status="PASS">
          <reporter-output>
          </reporter-output>
        </test-method> <!-- afterMethod -->
        <test-method is-config="true" signature="beforeMethod()[pri:0, instance:selenium.Testing1@6cd28fa7]" started-at="2023-12-30T12:54:10 CST" name="beforeMethod" finished-at="2023-12-30T12:54:10 CST" duration-ms="1" status="PASS">
          <reporter-output>
          </reporter-output>
        </test-method> <!-- beforeMethod -->
        <test-method signature="xyz(java.lang.Integer,java.lang.String)[pri:0, instance:selenium.Testing1@6cd28fa7]" started-at="2023-12-30T12:54:10 CST" name="xyz" data-provider="dp" finished-at="2023-12-30T12:54:10 CST" duration-ms="2" status="PASS">
          <params>
            <param index="0">
              <value>
                <![CDATA[2]]>
              </value>
            </param>
            <param index="1">
              <value>
                <![CDATA[b]]>
              </value>
            </param>
          </params>
          <reporter-output>
          </reporter-output>
        </test-method> <!-- xyz -->
        <test-method is-config="true" signature="afterMethod()[pri:0, instance:selenium.Testing1@6cd28fa7]" started-at="2023-12-30T12:54:10 CST" name="afterMethod" finished-at="2023-12-30T12:54:10 CST" duration-ms="0" status="PASS">
          <reporter-output>
          </reporter-output>
        </test-method> <!-- afterMethod -->
        <test-method is-config="true" signature="beforeMethod()[pri:0, instance:selenium.Testing1@6cd28fa7]" started-at="2023-12-30T12:54:10 CST" name="beforeMethod" finished-at="2023-12-30T12:54:10 CST" duration-ms="1" status="PASS">
          <reporter-output>
          </reporter-output>
        </test-method> <!-- beforeMethod -->
        <test-method signature="xyz(java.lang.Integer,java.lang.String)[pri:0, instance:selenium.Testing1@6cd28fa7]" started-at="2023-12-30T12:54:10 CST" name="xyz" data-provider="dp" finished-at="2023-12-30T12:54:10 CST" duration-ms="4" status="PASS">
          <params>
            <param index="0">
              <value>
                <![CDATA[3]]>
              </value>
            </param>
            <param index="1">
              <value>
                <![CDATA[c]]>
              </value>
            </param>
          </params>
          <reporter-output>
          </reporter-output>
        </test-method> <!-- xyz -->
        <test-method is-config="true" signature="afterMethod()[pri:0, instance:selenium.Testing1@6cd28fa7]" started-at="2023-12-30T12:54:10 CST" name="afterMethod" finished-at="2023-12-30T12:54:10 CST" duration-ms="3" status="PASS">
          <reporter-output>
          </reporter-output>
        </test-method> <!-- afterMethod -->
        <test-method is-config="true" signature="afterClass()[pri:0, instance:selenium.Testing1@6cd28fa7]" started-at="2023-12-30T12:54:10 CST" name="afterClass" finished-at="2023-12-30T12:54:10 CST" duration-ms="0" status="PASS">
          <reporter-output>
          </reporter-output>
        </test-method> <!-- afterClass -->
        <test-method is-config="true" signature="afterTest()[pri:0, instance:selenium.Testing1@6cd28fa7]" started-at="2023-12-30T12:54:10 CST" name="afterTest" finished-at="2023-12-30T12:54:10 CST" duration-ms="1" status="PASS">
          <reporter-output>
          </reporter-output>
        </test-method> <!-- afterTest -->
        <test-method is-config="true" signature="afterSuite()[pri:0, instance:selenium.Testing1@6cd28fa7]" started-at="2023-12-30T12:54:11 CST" name="afterSuite" finished-at="2023-12-30T12:54:11 CST" duration-ms="1" status="PASS">
          <reporter-output>
          </reporter-output>
        </test-method> <!-- afterSuite -->
      </class> <!-- selenium.Testing1 -->
    </test> <!-- Test -->
  </suite> <!-- Suite -->
</testng-results>
